2025-06-12 14:45:16,577	WARNING utils.py:594 -- Detecting docker specified CPUs. In previous versions of Ray, CPU detection in containers was incorrect. Please ensure that Ray has enough CPUs allocated. As a temporary workaround to revert to the prior behavior, set `RAY_USE_MULTIPROCESSING_CPU_COUNT=1` as an env var before starting Ray. Set the env var: `RAY_DISABLE_DOCKER_CPU_WARNING=1` to mute this warning.
2025-06-12 14:45:17,767	INFO worker.py:1832 -- Started a local Ray instance. View the dashboard at [1m[32mhttp://127.0.0.1:8265 [39m[22m
INFO:nemo_rl.distributed.virtual_cluster:Started local cluster with tag 'nrl_tag_0': {'node:10.65.31.146': 1.0, 'node:__internal_head__': 1.0, 'nrl_tag_0': 1.0, 'CPU': 16.0, 'memory': 1951761992704.0, 'object_store_memory': 200000000000.0, 'GPU': 1.0, 'accelerator_type:H100': 1.0}
You are using the default legacy behaviour of the <class 'transformers.models.llama.tokenization_llama_fast.LlamaTokenizerFast'>. This is expected, and simply means that the `legacy` (previous) behavior will be used so nothing changes for you. If you want to use the new behaviour, set `legacy=False`. This should only be set if you understand what it means, and thoroughly read the reason why this was added as explained in https://github.com/huggingface/transformers/pull/24565 - if you loaded a llama tokenizer from a GGUF file you can ignore this message.
Traceback (most recent call last):
  File "/lustre/fsw/portfolios/llmservice/users/yizhuj/NeMo-RL/.venv/lib/python3.12/site-packages/transformers/convert_slow_tokenizer.py", line 1594, in extract_vocab_merges_from_model
    from tiktoken.load import load_tiktoken_bpe
ModuleNotFoundError: No module named 'tiktoken'

During handling of the above exception, another exception occurred:

Traceback (most recent call last):
  File "/lustre/fsw/portfolios/llmservice/users/yizhuj/NeMo-RL/.venv/lib/python3.12/site-packages/transformers/convert_slow_tokenizer.py", line 1737, in convert_slow_tokenizer
    ).converted()
      ^^^^^^^^^^^
  File "/lustre/fsw/portfolios/llmservice/users/yizhuj/NeMo-RL/.venv/lib/python3.12/site-packages/transformers/convert_slow_tokenizer.py", line 1631, in converted
    tokenizer = self.tokenizer()
                ^^^^^^^^^^^^^^^^
  File "/lustre/fsw/portfolios/llmservice/users/yizhuj/NeMo-RL/.venv/lib/python3.12/site-packages/transformers/convert_slow_tokenizer.py", line 1624, in tokenizer
    vocab_scores, merges = self.extract_vocab_merges_from_model(self.vocab_file)
                           ^^^^^^^^^^^^^^^^^^^^^^^^^^^^^^^^^^^^^^^^^^^^^^^^^^^^^
  File "/lustre/fsw/portfolios/llmservice/users/yizhuj/NeMo-RL/.venv/lib/python3.12/site-packages/transformers/convert_slow_tokenizer.py", line 1596, in extract_vocab_merges_from_model
    raise ValueError(
ValueError: `tiktoken` is required to read a `tiktoken` file. Install it with `pip install tiktoken`.

During handling of the above exception, another exception occurred:

Traceback (most recent call last):
  File "/lustre/fsw/portfolios/llmservice/users/yizhuj/NeMo-RL/examples/run_eval_genrm.py", line 413, in <module>
    main()
  File "/lustre/fsw/portfolios/llmservice/users/yizhuj/NeMo-RL/examples/run_eval_genrm.py", line 365, in main
    tokenizer = get_tokenizer(config["tokenizer"])
                ^^^^^^^^^^^^^^^^^^^^^^^^^^^^^^^^^^
  File "/lustre/fsw/portfolios/llmservice/users/yizhuj/NeMo-RL/nemo_rl/algorithms/utils.py", line 203, in get_tokenizer
    tokenizer = AutoTokenizer.from_pretrained(
                ^^^^^^^^^^^^^^^^^^^^^^^^^^^^^^
  File "/lustre/fsw/portfolios/llmservice/users/yizhuj/NeMo-RL/.venv/lib/python3.12/site-packages/transformers/models/auto/tokenization_auto.py", line 1032, in from_pretrained
    return tokenizer_class_fast.from_pretrained(pretrained_model_name_or_path, *inputs, **kwargs)
           ^^^^^^^^^^^^^^^^^^^^^^^^^^^^^^^^^^^^^^^^^^^^^^^^^^^^^^^^^^^^^^^^^^^^^^^^^^^^^^^^^^^^^^
  File "/lustre/fsw/portfolios/llmservice/users/yizhuj/NeMo-RL/.venv/lib/python3.12/site-packages/transformers/tokenization_utils_base.py", line 2025, in from_pretrained
    return cls._from_pretrained(
           ^^^^^^^^^^^^^^^^^^^^^
  File "/lustre/fsw/portfolios/llmservice/users/yizhuj/NeMo-RL/.venv/lib/python3.12/site-packages/transformers/tokenization_utils_base.py", line 2278, in _from_pretrained
    tokenizer = cls(*init_inputs, **init_kwargs)
                ^^^^^^^^^^^^^^^^^^^^^^^^^^^^^^^^
  File "/lustre/fsw/portfolios/llmservice/users/yizhuj/NeMo-RL/.venv/lib/python3.12/site-packages/transformers/models/llama/tokenization_llama_fast.py", line 154, in __init__
    super().__init__(
  File "/lustre/fsw/portfolios/llmservice/users/yizhuj/NeMo-RL/.venv/lib/python3.12/site-packages/transformers/tokenization_utils_fast.py", line 139, in __init__
    fast_tokenizer = convert_slow_tokenizer(self, from_tiktoken=True)
                     ^^^^^^^^^^^^^^^^^^^^^^^^^^^^^^^^^^^^^^^^^^^^^^^^
  File "/lustre/fsw/portfolios/llmservice/users/yizhuj/NeMo-RL/.venv/lib/python3.12/site-packages/transformers/convert_slow_tokenizer.py", line 1739, in convert_slow_tokenizer
    raise ValueError(
ValueError: Converting from SentencePiece and Tiktoken failed, if a converter for SentencePiece is available, provide a model path with a SentencePiece tokenizer.model file.Currently available slow->fast converters: ['AlbertTokenizer', 'BartTokenizer', 'BarthezTokenizer', 'BertTokenizer', 'BigBirdTokenizer', 'BlenderbotTokenizer', 'CamembertTokenizer', 'CLIPTokenizer', 'CodeGenTokenizer', 'ConvBertTokenizer', 'DebertaTokenizer', 'DebertaV2Tokenizer', 'DistilBertTokenizer', 'DPRReaderTokenizer', 'DPRQuestionEncoderTokenizer', 'DPRContextEncoderTokenizer', 'ElectraTokenizer', 'FNetTokenizer', 'FunnelTokenizer', 'GPT2Tokenizer', 'HerbertTokenizer', 'LayoutLMTokenizer', 'LayoutLMv2Tokenizer', 'LayoutLMv3Tokenizer', 'LayoutXLMTokenizer', 'LongformerTokenizer', 'LEDTokenizer', 'LxmertTokenizer', 'MarkupLMTokenizer', 'MBartTokenizer', 'MBart50Tokenizer', 'MPNetTokenizer', 'MobileBertTokenizer', 'MvpTokenizer', 'NllbTokenizer', 'OpenAIGPTTokenizer', 'PegasusTokenizer', 'Qwen2Tokenizer', 'RealmTokenizer', 'ReformerTokenizer', 'RemBertTokenizer', 'RetriBertTokenizer', 'RobertaTokenizer', 'RoFormerTokenizer', 'SeamlessM4TTokenizer', 'SqueezeBertTokenizer', 'T5Tokenizer', 'UdopTokenizer', 'WhisperTokenizer', 'XLMRobertaTokenizer', 'XLNetTokenizer', 'SplinterTokenizer', 'XGLMTokenizer', 'LlamaTokenizer', 'CodeLlamaTokenizer', 'GemmaTokenizer', 'Phi3Tokenizer']
2025-06-12 16:45:46,379	WARNING utils.py:594 -- Detecting docker specified CPUs. In previous versions of Ray, CPU detection in containers was incorrect. Please ensure that Ray has enough CPUs allocated. As a temporary workaround to revert to the prior behavior, set `RAY_USE_MULTIPROCESSING_CPU_COUNT=1` as an env var before starting Ray. Set the env var: `RAY_DISABLE_DOCKER_CPU_WARNING=1` to mute this warning.
2025-06-12 16:45:47,565	INFO worker.py:1832 -- Started a local Ray instance. View the dashboard at [1m[32mhttp://127.0.0.1:8265 [39m[22m
INFO:nemo_rl.distributed.virtual_cluster:Started local cluster with tag 'nrl_tag_0': {'node:__internal_head__': 1.0, 'nrl_tag_0': 1.0, 'node:10.65.30.93': 1.0, 'object_store_memory': 200000000000.0, 'memory': 1951742987264.0, 'CPU': 16.0, 'GPU': 1.0, 'accelerator_type:H100': 1.0}
Map:   0%|          | 0/350 [00:00<?, ? examples/s]Map: 100%|â–ˆâ–ˆâ–ˆâ–ˆâ–ˆâ–ˆâ–ˆâ–ˆâ–ˆâ–ˆ| 350/350 [00:00<00:00, 9088.08 examples/s]
INFO:nemo_rl.utils.venvs:NEMO_RL_VENV_DIR is set to /lustre/fsw/portfolios/llmservice/users/yizhuj/NeMo-RL/venvs.
Using CPython 3.12.9 interpreter at: /home/ray/anaconda3/bin/python3
Creating virtual environment at: venvs/nemo_rl.models.generation.vllm.VllmGenerationWorker
warning: `VIRTUAL_ENV=.venv` does not match the project environment path `venvs/nemo_rl.models.generation.vllm.VllmGenerationWorker` and will be ignored; use `--active` to target the active environment instead
Resolved 313 packages in 12ms
Uninstalled 73 packages in 4.51s
 - airportsdata==20250523
 - anyio==4.9.0
 - astor==0.8.1
 - blake3==1.0.5
 - cloudpickle==3.1.1
 - compressed-tensors==0.9.3
 - cupy-cuda12x==13.4.1
 - deprecated==1.2.18
 - depyf==0.18.0
 - diskcache==5.6.3
 - distro==1.9.0
 - dnspython==2.7.0
 - email-validator==2.2.0
 - fastapi==0.115.12
 - fastapi-cli==0.0.7
 - fastrlock==0.8.3
 - gguf==0.16.3
 - h11==0.16.0
 - httpcore==1.0.9
 - httptools==0.6.4
 - httpx==0.28.1
 - importlib-metadata==8.0.0
 - interegular==0.3.3
 - jiter==0.10.0
 - lark==1.2.2
 - llguidance==0.7.24
 - llvmlite==0.44.0
 - lm-format-enforcer==0.10.11
 - mistral-common==1.5.6
 - msgspec==0.19.0
 - nest-asyncio==1.6.0
 - ninja==1.11.1.4
 - numba==0.61.2
 - openai==1.82.0
 - opencv-python-headless==4.11.0.86
 - opentelemetry-api==1.26.0
 - opentelemetry-exporter-otlp==1.26.0
 - opentelemetry-exporter-otlp-proto-common==1.26.0
 - opentelemetry-exporter-otlp-proto-grpc==1.26.0
 - opentelemetry-exporter-otlp-proto-http==1.26.0
 - opentelemetry-proto==1.26.0
 - opentelemetry-sdk==1.26.0
 - opentelemetry-semantic-conventions==0.47b0
 - opentelemetry-semantic-conventions-ai==0.4.9
 - outlines==0.1.11
 - outlines-core==0.1.26
 - partial-json-parser==0.2.1.1.post5
 - pillow==11.2.1
 - prometheus-fastapi-instrumentator==7.1.0
 - py-cpuinfo==9.0.0
 - pycountry==24.6.1
 - python-dotenv==1.1.0
 - python-json-logger==3.3.0
 - python-multipart==0.0.20
 - pyzmq==26.4.0
 - rich-toolkit==0.14.6
 - scipy==1.15.3
 - sentencepiece==0.2.0
 - shellingham==1.5.4
 - sniffio==1.3.1
 - starlette==0.46.2
 - tiktoken==0.9.0
 - torchaudio==2.6.0
 - torchvision==0.21.0
 - typer==0.16.0
 - uvicorn==0.34.2
 - uvloop==0.21.0
 - vllm==0.8.5
 - watchfiles==1.0.5
 - websockets==15.0.1
 - xformers==0.0.29.post2
 - xgrammar==0.1.18
 - zipp==3.22.0
warning: `VIRTUAL_ENV=.venv` does not match the project environment path `venvs/nemo_rl.models.generation.vllm.VllmGenerationWorker` and will be ignored; use `--active` to target the active environment instead
Installed 73 packages in 3.92s
[36m(VllmGenerationWorker pid=3633928)[0m Loading pt checkpoint shards:   0% Completed | 0/1 [00:00<?, ?it/s]
[36m(VllmGenerationWorker pid=3633928)[0m Loading pt checkpoint shards: 100% Completed | 1/1 [00:32<00:00, 32.66s/it]
[36m(VllmGenerationWorker pid=3633928)[0m Loading pt checkpoint shards: 100% Completed | 1/1 [00:32<00:00, 32.66s/it]
[36m(VllmGenerationWorker pid=3633928)[0m 
  0%|          | 0/2 [00:00<?, ?it/s][36m(VllmGenerationWorker pid=3633928)[0m Processed prompts:   0%|          | 0/256 [00:00<?, ?it/s, est. speed input: 0.00 toks/s, output: 0.00 toks/s]
[36m(VllmGenerationWorker pid=3633928)[0m Processed prompts:   0%|          | 1/256 [00:20<1:25:22, 20.09s/it, est. speed input: 176.14 toks/s, output: 27.78 toks/s]
[36m(VllmGenerationWorker pid=3633928)[0m Processed prompts:   1%|          | 2/256 [00:21<38:15,  9.04s/it, est. speed input: 328.59 toks/s, output: 54.37 toks/s]  
[36m(VllmGenerationWorker pid=3633928)[0m Processed prompts:   1%|          | 3/256 [00:21<21:05,  5.00s/it, est. speed input: 487.12 toks/s, output: 82.14 toks/s]
[36m(VllmGenerationWorker pid=3633928)[0m Processed prompts:   2%|â–         | 4/256 [00:22<15:01,  3.58s/it, est. speed input: 606.75 toks/s, output: 106.17 toks/s]
[36m(VllmGenerationWorker pid=3633928)[0m Processed prompts:   2%|â–         | 5/256 [00:29<18:39,  4.46s/it, est. speed input: 589.87 toks/s, output: 116.26 toks/s]
[36m(VllmGenerationWorker pid=3633928)[0m Processed prompts:   3%|â–Ž         | 7/256 [00:29<09:24,  2.27s/it, est. speed input: 800.17 toks/s, output: 178.98 toks/s]
[36m(VllmGenerationWorker pid=3633928)[0m Processed prompts:   3%|â–Ž         | 8/256 [00:29<07:02,  1.70s/it, est. speed input: 903.27 toks/s, output: 210.16 toks/s]
[36m(VllmGenerationWorker pid=3633928)[0m Processed prompts:   4%|â–Ž         | 9/256 [00:34<10:29,  2.55s/it, est. speed input: 863.13 toks/s, output: 214.47 toks/s]
[36m(VllmGenerationWorker pid=3633928)[0m Processed prompts:   4%|â–         | 10/256 [00:37<10:48,  2.64s/it, est. speed input: 872.46 toks/s, output: 232.65 toks/s]
[36m(VllmGenerationWorker pid=3633928)[0m Processed prompts:   4%|â–         | 11/256 [00:38<09:24,  2.30s/it, est. speed input: 910.36 toks/s, output: 258.52 toks/s]
[36m(VllmGenerationWorker pid=3633928)[0m Processed prompts:   5%|â–         | 12/256 [00:39<08:13,  2.02s/it, est. speed input: 947.23 toks/s, output: 285.02 toks/s]
[36m(VllmGenerationWorker pid=3633928)[0m Processed prompts:   5%|â–Œ         | 13/256 [00:43<09:29,  2.34s/it, est. speed input: 938.06 toks/s, output: 300.25 toks/s]
[36m(VllmGenerationWorker pid=3633928)[0m Processed prompts:   5%|â–Œ         | 14/256 [00:43<06:55,  1.72s/it, est. speed input: 992.17 toks/s, output: 334.61 toks/s]
[36m(VllmGenerationWorker pid=3633928)[0m Processed prompts:   6%|â–Œ         | 15/256 [00:43<05:20,  1.33s/it, est. speed input: 1040.67 toks/s, output: 367.30 toks/s]
[36m(VllmGenerationWorker pid=3633928)[0m Processed prompts:   6%|â–‹         | 16/256 [00:44<04:35,  1.15s/it, est. speed input: 1080.20 toks/s, output: 397.25 toks/s]
[36m(VllmGenerationWorker pid=3633928)[0m Processed prompts:   7%|â–‹         | 17/256 [00:44<03:45,  1.06it/s, est. speed input: 1124.46 toks/s, output: 429.23 toks/s]
[36m(VllmGenerationWorker pid=3633928)[0m Processed prompts:   7%|â–‹         | 18/256 [00:45<03:03,  1.30it/s, est. speed input: 1170.09 toks/s, output: 461.68 toks/s]
[36m(VllmGenerationWorker pid=3633928)[0m Processed prompts:   7%|â–‹         | 19/256 [00:46<03:35,  1.10it/s, est. speed input: 1190.87 toks/s, output: 485.59 toks/s]
[36m(VllmGenerationWorker pid=3633928)[0m Processed prompts:   8%|â–Š         | 20/256 [00:46<02:40,  1.47it/s, est. speed input: 1239.19 toks/s, output: 520.34 toks/s]
[36m(VllmGenerationWorker pid=3633928)[0m Processed prompts:   8%|â–Š         | 21/256 [00:46<02:03,  1.91it/s, est. speed input: 1286.36 toks/s, output: 554.61 toks/s]
[36m(VllmGenerationWorker pid=3633928)[0m Processed prompts:   9%|â–Š         | 22/256 [00:47<01:47,  2.18it/s, est. speed input: 1328.92 toks/s, output: 587.17 toks/s]
[36m(VllmGenerationWorker pid=3633928)[0m Processed prompts:   9%|â–‰         | 24/256 [00:48<02:21,  1.63it/s, est. speed input: 1383.08 toks/s, output: 639.26 toks/s]
[36m(VllmGenerationWorker pid=3633928)[0m Processed prompts:  10%|â–‰         | 25/256 [00:48<02:01,  1.90it/s, est. speed input: 1423.11 toks/s, output: 672.08 toks/s]
[36m(VllmGenerationWorker pid=3633928)[0m Processed prompts:  10%|â–ˆ         | 26/256 [00:49<02:02,  1.87it/s, est. speed input: 1453.65 toks/s, output: 700.80 toks/s]
[36m(VllmGenerationWorker pid=3633928)[0m Processed prompts:  11%|â–ˆ         | 28/256 [00:50<01:46,  2.14it/s, est. speed input: 1524.78 toks/s, output: 760.32 toks/s]
[36m(VllmGenerationWorker pid=3633928)[0m Processed prompts:  11%|â–ˆâ–        | 29/256 [00:50<01:32,  2.44it/s, est. speed input: 1563.21 toks/s, output: 793.31 toks/s]
[36m(VllmGenerationWorker pid=3633928)[0m Processed prompts:  12%|â–ˆâ–        | 30/256 [00:50<01:27,  2.59it/s, est. speed input: 1597.93 toks/s, output: 824.63 toks/s]
[36m(VllmGenerationWorker pid=3633928)[0m Processed prompts:  12%|â–ˆâ–        | 31/256 [00:51<01:48,  2.07it/s, est. speed input: 1617.82 toks/s, output: 848.76 toks/s]
[36m(VllmGenerationWorker pid=3633928)[0m Processed prompts:  12%|â–ˆâ–Ž        | 32/256 [00:51<01:40,  2.23it/s, est. speed input: 1649.59 toks/s, output: 879.21 toks/s]
[36m(VllmGenerationWorker pid=3633928)[0m Processed prompts:  13%|â–ˆâ–Ž        | 33/256 [00:52<01:23,  2.67it/s, est. speed input: 1686.07 toks/s, output: 912.39 toks/s]
[36m(VllmGenerationWorker pid=3633928)[0m Processed prompts:  13%|â–ˆâ–Ž        | 34/256 [00:52<01:18,  2.81it/s, est. speed input: 1718.21 toks/s, output: 943.23 toks/s]
[36m(VllmGenerationWorker pid=3633928)[0m Processed prompts:  14%|â–ˆâ–Ž        | 35/256 [00:53<01:52,  1.96it/s, est. speed input: 1730.30 toks/s, output: 963.79 toks/s]
[36m(VllmGenerationWorker pid=3633928)[0m Processed prompts:  14%|â–ˆâ–        | 37/256 [00:53<01:09,  3.17it/s, est. speed input: 1806.16 toks/s, output: 1033.21 toks/s]
[36m(VllmGenerationWorker pid=3633928)[0m Processed prompts:  15%|â–ˆâ–        | 38/256 [00:53<01:12,  3.01it/s, est. speed input: 1840.13 toks/s, output: 1055.09 toks/s]
[36m(VllmGenerationWorker pid=3633928)[0m Processed prompts:  15%|â–ˆâ–Œ        | 39/256 [00:53<01:05,  3.32it/s, est. speed input: 1872.56 toks/s, output: 1087.25 toks/s]
[36m(VllmGenerationWorker pid=3633928)[0m Processed prompts:  16%|â–ˆâ–Œ        | 40/256 [00:54<00:57,  3.79it/s, est. speed input: 1906.31 toks/s, output: 1120.14 toks/s]
[36m(VllmGenerationWorker pid=3633928)[0m Processed prompts:  16%|â–ˆâ–Œ        | 41/256 [00:54<01:07,  3.18it/s, est. speed input: 1929.57 toks/s, output: 1147.22 toks/s]
[36m(VllmGenerationWorker pid=3633928)[0m Processed prompts:  17%|â–ˆâ–‹        | 43/256 [00:54<00:56,  3.76it/s, est. speed input: 1992.19 toks/s, output: 1210.73 toks/s]
[36m(VllmGenerationWorker pid=3633928)[0m Processed prompts:  17%|â–ˆâ–‹        | 44/256 [00:55<01:00,  3.49it/s, est. speed input: 2018.03 toks/s, output: 1238.54 toks/s]
[36m(VllmGenerationWorker pid=3633928)[0m Processed prompts:  18%|â–ˆâ–Š        | 45/256 [00:55<00:50,  4.14it/s, est. speed input: 2051.79 toks/s, output: 1272.10 toks/s]
[36m(VllmGenerationWorker pid=3633928)[0m Processed prompts:  18%|â–ˆâ–Š        | 46/256 [00:55<00:55,  3.79it/s, est. speed input: 2077.26 toks/s, output: 1300.77 toks/s]
[36m(VllmGenerationWorker pid=3633928)[0m Processed prompts:  18%|â–ˆâ–Š        | 47/256 [00:56<00:56,  3.71it/s, est. speed input: 2119.56 toks/s, output: 1314.35 toks/s]
[36m(VllmGenerationWorker pid=3633928)[0m Processed prompts:  19%|â–ˆâ–‰        | 48/256 [00:56<00:46,  4.46it/s, est. speed input: 2152.39 toks/s, output: 1347.78 toks/s]
[36m(VllmGenerationWorker pid=3633928)[0m Processed prompts:  19%|â–ˆâ–‰        | 49/256 [00:56<00:51,  4.06it/s, est. speed input: 2177.48 toks/s, output: 1376.52 toks/s]
[36m(VllmGenerationWorker pid=3633928)[0m Processed prompts:  20%|â–ˆâ–‰        | 50/256 [00:56<00:46,  4.44it/s, est. speed input: 2207.10 toks/s, output: 1408.29 toks/s]
[36m(VllmGenerationWorker pid=3633928)[0m Processed prompts:  20%|â–ˆâ–‰        | 51/256 [00:56<00:44,  4.63it/s, est. speed input: 2234.12 toks/s, output: 1439.51 toks/s]
[36m(VllmGenerationWorker pid=3633928)[0m Processed prompts:  21%|â–ˆâ–ˆ        | 53/256 [00:57<00:33,  6.05it/s, est. speed input: 2295.75 toks/s, output: 1505.95 toks/s]
[36m(VllmGenerationWorker pid=3633928)[0m Processed prompts:  23%|â–ˆâ–ˆâ–Ž       | 60/256 [00:57<00:18, 10.62it/s, est. speed input: 2504.80 toks/s, output: 1743.75 toks/s]
[36m(VllmGenerationWorker pid=3633928)[0m Processed prompts:  26%|â–ˆâ–ˆâ–Œ       | 67/256 [00:57<00:14, 12.72it/s, est. speed input: 2702.56 toks/s, output: 1977.95 toks/s]
[36m(VllmGenerationWorker pid=3633928)[0m Processed prompts:  28%|â–ˆâ–ˆâ–Š       | 72/256 [00:58<00:14, 12.27it/s, est. speed input: 2841.37 toks/s, output: 2138.61 toks/s]
[36m(VllmGenerationWorker pid=3633928)[0m Processed prompts:  30%|â–ˆâ–ˆâ–ˆ       | 78/256 [00:58<00:14, 12.68it/s, est. speed input: 3007.04 toks/s, output: 2331.32 toks/s]
[36m(VllmGenerationWorker pid=3633928)[0m Processed prompts:  34%|â–ˆâ–ˆâ–ˆâ–Ž      | 86/256 [00:59<00:11, 14.51it/s, est. speed input: 3225.55 toks/s, output: 2590.66 toks/s]
[36m(VllmGenerationWorker pid=3633928)[0m Processed prompts:  38%|â–ˆâ–ˆâ–ˆâ–Š      | 96/256 [00:59<00:09, 17.05it/s, est. speed input: 3486.69 toks/s, output: 2914.34 toks/s]
[36m(VllmGenerationWorker pid=3633928)[0m Processed prompts:  42%|â–ˆâ–ˆâ–ˆâ–ˆâ–     | 107/256 [01:00<00:07, 19.63it/s, est. speed input: 3780.63 toks/s, output: 3268.01 toks/s]
[36m(VllmGenerationWorker pid=3633928)[0m Processed prompts:  45%|â–ˆâ–ˆâ–ˆâ–ˆâ–     | 114/256 [01:03<00:22,  6.38it/s, est. speed input: 3811.70 toks/s, output: 3325.09 toks/s]
[36m(VllmGenerationWorker pid=3633928)[0m Processed prompts:  45%|â–ˆâ–ˆâ–ˆâ–ˆâ–Œ     | 116/256 [01:04<00:27,  5.06it/s, est. speed input: 3812.08 toks/s, output: 3324.65 toks/s]
[36m(VllmGenerationWorker pid=3633928)[0m Processed prompts:  46%|â–ˆâ–ˆâ–ˆâ–ˆâ–Œ     | 118/256 [01:05<00:35,  3.90it/s, est. speed input: 3826.84 toks/s, output: 3288.01 toks/s]
[36m(VllmGenerationWorker pid=3633928)[0m Processed prompts:  46%|â–ˆâ–ˆâ–ˆâ–ˆâ–‹     | 119/256 [01:08<00:58,  2.34it/s, est. speed input: 3741.06 toks/s, output: 3186.18 toks/s]
[36m(VllmGenerationWorker pid=3633928)[0m Processed prompts:  47%|â–ˆâ–ˆâ–ˆâ–ˆâ–‹     | 120/256 [01:08<00:59,  2.29it/s, est. speed input: 3750.59 toks/s, output: 3183.92 toks/s]
[36m(VllmGenerationWorker pid=3633928)[0m Processed prompts:  47%|â–ˆâ–ˆâ–ˆâ–ˆâ–‹     | 121/256 [01:10<01:26,  1.56it/s, est. speed input: 3673.00 toks/s, output: 3119.94 toks/s]
[36m(VllmGenerationWorker pid=3633928)[0m Processed prompts:  48%|â–ˆâ–ˆâ–ˆâ–ˆâ–Š     | 122/256 [01:10<01:18,  1.71it/s, est. speed input: 3699.73 toks/s, output: 3125.46 toks/s]
[36m(VllmGenerationWorker pid=3633928)[0m Processed prompts:  48%|â–ˆâ–ˆâ–ˆâ–ˆâ–Š     | 123/256 [01:11<01:25,  1.55it/s, est. speed input: 3691.50 toks/s, output: 3103.48 toks/s]
[36m(VllmGenerationWorker pid=3633928)[0m Processed prompts:  48%|â–ˆâ–ˆâ–ˆâ–ˆâ–Š     | 124/256 [01:12<01:26,  1.52it/s, est. speed input: 3686.04 toks/s, output: 3099.07 toks/s]
[36m(VllmGenerationWorker pid=3633928)[0m Processed prompts:  49%|â–ˆâ–ˆâ–ˆâ–ˆâ–‰     | 125/256 [01:13<01:20,  1.63it/s, est. speed input: 3699.80 toks/s, output: 3098.27 toks/s]
[36m(VllmGenerationWorker pid=3633928)[0m Processed prompts:  49%|â–ˆâ–ˆâ–ˆâ–ˆâ–‰     | 126/256 [01:13<01:07,  1.94it/s, est. speed input: 3733.38 toks/s, output: 3100.36 toks/s]
[36m(VllmGenerationWorker pid=3633928)[0m Processed prompts:  50%|â–ˆâ–ˆâ–ˆâ–ˆâ–‰     | 127/256 [01:13<01:12,  1.78it/s, est. speed input: 3740.64 toks/s, output: 3084.45 toks/s]
[36m(VllmGenerationWorker pid=3633928)[0m Processed prompts:  50%|â–ˆâ–ˆâ–ˆâ–ˆâ–ˆ     | 128/256 [01:16<02:37,  1.23s/it, est. speed input: 3620.76 toks/s, output: 2989.58 toks/s]
[36m(VllmGenerationWorker pid=3633928)[0m Processed prompts:  50%|â–ˆâ–ˆâ–ˆâ–ˆâ–ˆ     | 129/256 [01:17<02:10,  1.03s/it, est. speed input: 3628.82 toks/s, output: 2990.62 toks/s]
[36m(VllmGenerationWorker pid=3633928)[0m Processed prompts:  51%|â–ˆâ–ˆâ–ˆâ–ˆâ–ˆ     | 130/256 [01:18<02:01,  1.04it/s, est. speed input: 3621.35 toks/s, output: 2982.28 toks/s]
[36m(VllmGenerationWorker pid=3633928)[0m Processed prompts:  51%|â–ˆâ–ˆâ–ˆâ–ˆâ–ˆ     | 131/256 [01:20<02:27,  1.18s/it, est. speed input: 3569.21 toks/s, output: 2943.66 toks/s]
[36m(VllmGenerationWorker pid=3633928)[0m Processed prompts:  52%|â–ˆâ–ˆâ–ˆâ–ˆâ–ˆâ–    | 132/256 [01:20<01:54,  1.08it/s, est. speed input: 3588.54 toks/s, output: 2951.60 toks/s]
[36m(VllmGenerationWorker pid=3633928)[0m Processed prompts:  52%|â–ˆâ–ˆâ–ˆâ–ˆâ–ˆâ–    | 133/256 [01:21<02:08,  1.04s/it, est. speed input: 3564.28 toks/s, output: 2919.87 toks/s]
[36m(VllmGenerationWorker pid=3633928)[0m Processed prompts:  53%|â–ˆâ–ˆâ–ˆâ–ˆâ–ˆâ–Ž    | 135/256 [01:21<01:17,  1.55it/s, est. speed input: 3615.94 toks/s, output: 2941.21 toks/s]
[36m(VllmGenerationWorker pid=3633928)[0m Processed prompts:  53%|â–ˆâ–ˆâ–ˆâ–ˆâ–ˆâ–Ž    | 136/256 [01:25<02:29,  1.24s/it, est. speed input: 3521.77 toks/s, output: 2845.62 toks/s]
[36m(VllmGenerationWorker pid=3633928)[0m Processed prompts:  54%|â–ˆâ–ˆâ–ˆâ–ˆâ–ˆâ–Ž    | 137/256 [01:25<02:16,  1.14s/it, est. speed input: 3513.43 toks/s, output: 2837.88 toks/s]
[36m(VllmGenerationWorker pid=3633928)[0m Processed prompts:  54%|â–ˆâ–ˆâ–ˆâ–ˆâ–ˆâ–    | 138/256 [01:26<01:45,  1.12it/s, est. speed input: 3540.24 toks/s, output: 2841.84 toks/s]
[36m(VllmGenerationWorker pid=3633928)[0m Processed prompts:  54%|â–ˆâ–ˆâ–ˆâ–ˆâ–ˆâ–    | 139/256 [01:26<01:25,  1.37it/s, est. speed input: 3541.81 toks/s, output: 2855.86 toks/s]
[36m(VllmGenerationWorker pid=3633928)[0m Processed prompts:  55%|â–ˆâ–ˆâ–ˆâ–ˆâ–ˆâ–    | 140/256 [01:27<01:25,  1.35it/s, est. speed input: 3545.32 toks/s, output: 2842.72 toks/s]
[36m(VllmGenerationWorker pid=3633928)[0m Processed prompts:  55%|â–ˆâ–ˆâ–ˆâ–ˆâ–ˆâ–Œ    | 141/256 [01:27<01:10,  1.64it/s, est. speed input: 3568.30 toks/s, output: 2845.07 toks/s]
[36m(VllmGenerationWorker pid=3633928)[0m Processed prompts:  55%|â–ˆâ–ˆâ–ˆâ–ˆâ–ˆâ–Œ    | 142/256 [01:28<01:10,  1.62it/s, est. speed input: 3573.28 toks/s, output: 2840.29 toks/s]
[36m(VllmGenerationWorker pid=3633928)[0m Processed prompts:  56%|â–ˆâ–ˆâ–ˆâ–ˆâ–ˆâ–Œ    | 143/256 [01:29<01:22,  1.36it/s, est. speed input: 3561.37 toks/s, output: 2825.51 toks/s]
[36m(VllmGenerationWorker pid=3633928)[0m Processed prompts:  56%|â–ˆâ–ˆâ–ˆâ–ˆâ–ˆâ–‹    | 144/256 [01:29<01:10,  1.58it/s, est. speed input: 3579.10 toks/s, output: 2825.82 toks/s]
[36m(VllmGenerationWorker pid=3633928)[0m Processed prompts:  57%|â–ˆâ–ˆâ–ˆâ–ˆâ–ˆâ–‹    | 145/256 [01:30<01:06,  1.67it/s, est. speed input: 3582.30 toks/s, output: 2830.80 toks/s]
[36m(VllmGenerationWorker pid=3633928)[0m Processed prompts:  57%|â–ˆâ–ˆâ–ˆâ–ˆâ–ˆâ–‹    | 146/256 [01:30<01:02,  1.77it/s, est. speed input: 3596.21 toks/s, output: 2827.98 toks/s]
[36m(VllmGenerationWorker pid=3633928)[0m Processed prompts:  57%|â–ˆâ–ˆâ–ˆâ–ˆâ–ˆâ–‹    | 147/256 [01:30<00:54,  1.98it/s, est. speed input: 3612.38 toks/s, output: 2831.26 toks/s]
[36m(VllmGenerationWorker pid=3633928)[0m Processed prompts:  58%|â–ˆâ–ˆâ–ˆâ–ˆâ–ˆâ–Š    | 148/256 [01:31<00:41,  2.59it/s, est. speed input: 3635.52 toks/s, output: 2845.44 toks/s]
[36m(VllmGenerationWorker pid=3633928)[0m Processed prompts:  58%|â–ˆâ–ˆâ–ˆâ–ˆâ–ˆâ–Š    | 149/256 [01:31<00:44,  2.42it/s, est. speed input: 3648.25 toks/s, output: 2843.73 toks/s]
[36m(VllmGenerationWorker pid=3633928)[0m Processed prompts:  59%|â–ˆâ–ˆâ–ˆâ–ˆâ–ˆâ–Š    | 150/256 [01:32<00:47,  2.23it/s, est. speed input: 3658.50 toks/s, output: 2840.57 toks/s]
[36m(VllmGenerationWorker pid=3633928)[0m Processed prompts:  59%|â–ˆâ–ˆâ–ˆâ–ˆâ–ˆâ–‰    | 151/256 [01:32<00:37,  2.79it/s, est. speed input: 3683.87 toks/s, output: 2849.27 toks/s]
[36m(VllmGenerationWorker pid=3633928)[0m Processed prompts:  59%|â–ˆâ–ˆâ–ˆâ–ˆâ–ˆâ–‰    | 152/256 [01:32<00:30,  3.46it/s, est. speed input: 3707.23 toks/s, output: 2861.20 toks/s]
[36m(VllmGenerationWorker pid=3633928)[0m Processed prompts:  60%|â–ˆâ–ˆâ–ˆâ–ˆâ–ˆâ–‰    | 153/256 [01:32<00:26,  3.92it/s, est. speed input: 3731.17 toks/s, output: 2869.04 toks/s]
[36m(VllmGenerationWorker pid=3633928)[0m Processed prompts:  60%|â–ˆâ–ˆâ–ˆâ–ˆâ–ˆâ–ˆ    | 154/256 [01:32<00:31,  3.27it/s, est. speed input: 3744.79 toks/s, output: 2869.33 toks/s]
[36m(VllmGenerationWorker pid=3633928)[0m Processed prompts:  61%|â–ˆâ–ˆâ–ˆâ–ˆâ–ˆâ–ˆ    | 155/256 [01:33<00:33,  2.97it/s, est. speed input: 3758.87 toks/s, output: 2870.32 toks/s]
[36m(VllmGenerationWorker pid=3633928)[0m Processed prompts:  61%|â–ˆâ–ˆâ–ˆâ–ˆâ–ˆâ–ˆ    | 156/256 [01:33<00:33,  2.96it/s, est. speed input: 3772.78 toks/s, output: 2875.84 toks/s]
[36m(VllmGenerationWorker pid=3633928)[0m Processed prompts:  61%|â–ˆâ–ˆâ–ˆâ–ˆâ–ˆâ–ˆâ–   | 157/256 [01:33<00:28,  3.41it/s, est. speed input: 3795.25 toks/s, output: 2883.78 toks/s]
[36m(VllmGenerationWorker pid=3633928)[0m Processed prompts:  62%|â–ˆâ–ˆâ–ˆâ–ˆâ–ˆâ–ˆâ–   | 158/256 [01:33<00:24,  3.97it/s, est. speed input: 3818.80 toks/s, output: 2892.68 toks/s]
[36m(VllmGenerationWorker pid=3633928)[0m Processed prompts:  62%|â–ˆâ–ˆâ–ˆâ–ˆâ–ˆâ–ˆâ–Ž   | 160/256 [01:34<00:22,  4.19it/s, est. speed input: 3859.93 toks/s, output: 2906.66 toks/s]
[36m(VllmGenerationWorker pid=3633928)[0m Processed prompts:  63%|â–ˆâ–ˆâ–ˆâ–ˆâ–ˆâ–ˆâ–Ž   | 161/256 [01:34<00:23,  4.07it/s, est. speed input: 3876.32 toks/s, output: 2914.35 toks/s]
[36m(VllmGenerationWorker pid=3633928)[0m Processed prompts:  63%|â–ˆâ–ˆâ–ˆâ–ˆâ–ˆâ–ˆâ–Ž   | 162/256 [01:35<00:30,  3.07it/s, est. speed input: 3874.84 toks/s, output: 2918.93 toks/s]
[36m(VllmGenerationWorker pid=3633928)[0m Processed prompts:  64%|â–ˆâ–ˆâ–ˆâ–ˆâ–ˆâ–ˆâ–Ž   | 163/256 [01:35<00:39,  2.36it/s, est. speed input: 3869.48 toks/s, output: 2918.40 toks/s]
[36m(VllmGenerationWorker pid=3633928)[0m Processed prompts:  64%|â–ˆâ–ˆâ–ˆâ–ˆâ–ˆâ–ˆâ–   | 164/256 [01:36<00:43,  2.12it/s, est. speed input: 3873.69 toks/s, output: 2914.98 toks/s]
[36m(VllmGenerationWorker pid=3633928)[0m Processed prompts:  65%|â–ˆâ–ˆâ–ˆâ–ˆâ–ˆâ–ˆâ–   | 166/256 [01:37<00:34,  2.64it/s, est. speed input: 3908.11 toks/s, output: 2928.34 toks/s]
[36m(VllmGenerationWorker pid=3633928)[0m Processed prompts:  66%|â–ˆâ–ˆâ–ˆâ–ˆâ–ˆâ–ˆâ–Œ   | 168/256 [01:37<00:23,  3.72it/s, est. speed input: 3951.00 toks/s, output: 2956.05 toks/s]
[36m(VllmGenerationWorker pid=3633928)[0m Processed prompts:  66%|â–ˆâ–ˆâ–ˆâ–ˆâ–ˆâ–ˆâ–Œ   | 169/256 [01:37<00:21,  3.96it/s, est. speed input: 3969.97 toks/s, output: 2965.44 toks/s]
[36m(VllmGenerationWorker pid=3633928)[0m Processed prompts:  66%|â–ˆâ–ˆâ–ˆâ–ˆâ–ˆâ–ˆâ–‹   | 170/256 [01:38<00:32,  2.64it/s, est. speed input: 3964.74 toks/s, output: 2956.76 toks/s]
[36m(VllmGenerationWorker pid=3633928)[0m Processed prompts:  67%|â–ˆâ–ˆâ–ˆâ–ˆâ–ˆâ–ˆâ–‹   | 172/256 [01:38<00:25,  3.35it/s, est. speed input: 3992.61 toks/s, output: 2983.38 toks/s]
[36m(VllmGenerationWorker pid=3633928)[0m Processed prompts:  68%|â–ˆâ–ˆâ–ˆâ–ˆâ–ˆâ–ˆâ–Š   | 173/256 [01:38<00:25,  3.21it/s, est. speed input: 4004.27 toks/s, output: 2987.90 toks/s]
[36m(VllmGenerationWorker pid=3633928)[0m Processed prompts:  68%|â–ˆâ–ˆâ–ˆâ–ˆâ–ˆâ–ˆâ–Š   | 174/256 [01:39<00:28,  2.84it/s, est. speed input: 4013.58 toks/s, output: 2986.02 toks/s]
[36m(VllmGenerationWorker pid=3633928)[0m Processed prompts:  69%|â–ˆâ–ˆâ–ˆâ–ˆâ–ˆâ–ˆâ–‰   | 176/256 [01:39<00:22,  3.57it/s, est. speed input: 4050.60 toks/s, output: 3006.46 toks/s]
[36m(VllmGenerationWorker pid=3633928)[0m Processed prompts:  69%|â–ˆâ–ˆâ–ˆâ–ˆâ–ˆâ–ˆâ–‰   | 177/256 [01:40<00:23,  3.37it/s, est. speed input: 4061.63 toks/s, output: 3011.58 toks/s]
[36m(VllmGenerationWorker pid=3633928)[0m Processed prompts:  70%|â–ˆâ–ˆâ–ˆâ–ˆâ–ˆâ–ˆâ–‰   | 179/256 [01:40<00:15,  4.99it/s, est. speed input: 4107.75 toks/s, output: 3039.89 toks/s]
[36m(VllmGenerationWorker pid=3633928)[0m Processed prompts:  70%|â–ˆâ–ˆâ–ˆâ–ˆâ–ˆâ–ˆâ–ˆ   | 180/256 [01:40<00:15,  4.78it/s, est. speed input: 4122.83 toks/s, output: 3048.35 toks/s]
[36m(VllmGenerationWorker pid=3633928)[0m Processed prompts:  71%|â–ˆâ–ˆâ–ˆâ–ˆâ–ˆâ–ˆâ–ˆ   | 181/256 [01:40<00:14,  5.32it/s, est. speed input: 4142.81 toks/s, output: 3060.54 toks/s]
[36m(VllmGenerationWorker pid=3633928)[0m Processed prompts:  71%|â–ˆâ–ˆâ–ˆâ–ˆâ–ˆâ–ˆâ–ˆ   | 182/256 [01:40<00:15,  4.64it/s, est. speed input: 4155.30 toks/s, output: 3067.46 toks/s]
[36m(VllmGenerationWorker pid=3633928)[0m Processed prompts:  71%|â–ˆâ–ˆâ–ˆâ–ˆâ–ˆâ–ˆâ–ˆâ–  | 183/256 [01:41<00:14,  5.07it/s, est. speed input: 4171.25 toks/s, output: 3081.60 toks/s]
[36m(VllmGenerationWorker pid=3633928)[0m Processed prompts:  72%|â–ˆâ–ˆâ–ˆâ–ˆâ–ˆâ–ˆâ–ˆâ–  | 184/256 [01:41<00:18,  3.91it/s, est. speed input: 4178.60 toks/s, output: 3085.24 toks/s]
[36m(VllmGenerationWorker pid=3633928)[0m Processed prompts:  72%|â–ˆâ–ˆâ–ˆâ–ˆâ–ˆâ–ˆâ–ˆâ–  | 185/256 [01:41<00:20,  3.47it/s, est. speed input: 4186.82 toks/s, output: 3090.80 toks/s]
[36m(VllmGenerationWorker pid=3633928)[0m Processed prompts:  73%|â–ˆâ–ˆâ–ˆâ–ˆâ–ˆâ–ˆâ–ˆâ–Ž  | 186/256 [01:41<00:16,  4.18it/s, est. speed input: 4205.90 toks/s, output: 3103.55 toks/s]
[36m(VllmGenerationWorker pid=3633928)[0m Processed prompts:  73%|â–ˆâ–ˆâ–ˆâ–ˆâ–ˆâ–ˆâ–ˆâ–Ž  | 187/256 [01:42<00:15,  4.54it/s, est. speed input: 4222.44 toks/s, output: 3114.63 toks/s]
[36m(VllmGenerationWorker pid=3633928)[0m Processed prompts:  75%|â–ˆâ–ˆâ–ˆâ–ˆâ–ˆâ–ˆâ–ˆâ–  | 191/256 [01:42<00:06,  9.39it/s, est. speed input: 4303.59 toks/s, output: 3179.18 toks/s]
[36m(VllmGenerationWorker pid=3633928)[0m Processed prompts:  75%|â–ˆâ–ˆâ–ˆâ–ˆâ–ˆâ–ˆâ–ˆâ–Œ  | 193/256 [01:42<00:07,  7.88it/s, est. speed input: 4327.55 toks/s, output: 3204.94 toks/s]
[36m(VllmGenerationWorker pid=3633928)[0m Processed prompts:  76%|â–ˆâ–ˆâ–ˆâ–ˆâ–ˆâ–ˆâ–ˆâ–Œ  | 195/256 [01:42<00:06,  9.58it/s, est. speed input: 4364.41 toks/s, output: 3239.12 toks/s]
[36m(VllmGenerationWorker pid=3633928)[0m Processed prompts:  77%|â–ˆâ–ˆâ–ˆâ–ˆâ–ˆâ–ˆâ–ˆâ–‹  | 198/256 [01:42<00:04, 13.00it/s, est. speed input: 4423.09 toks/s, output: 3288.91 toks/s]
[36m(VllmGenerationWorker pid=3633928)[0m Processed prompts:  78%|â–ˆâ–ˆâ–ˆâ–ˆâ–ˆâ–ˆâ–ˆâ–Š  | 200/256 [01:43<00:04, 11.93it/s, est. speed input: 4460.46 toks/s, output: 3315.77 toks/s]
[36m(VllmGenerationWorker pid=3633928)[0m Processed prompts:  79%|â–ˆâ–ˆâ–ˆâ–ˆâ–ˆâ–ˆâ–ˆâ–‰  | 202/256 [01:43<00:05,  9.15it/s, est. speed input: 4489.33 toks/s, output: 3339.87 toks/s]
[36m(VllmGenerationWorker pid=3633928)[0m Processed prompts:  80%|â–ˆâ–ˆâ–ˆâ–ˆâ–ˆâ–ˆâ–ˆâ–‰  | 204/256 [01:43<00:07,  6.81it/s, est. speed input: 4507.25 toks/s, output: 3361.18 toks/s]
[36m(VllmGenerationWorker pid=3633928)[0m Processed prompts:  81%|â–ˆâ–ˆâ–ˆâ–ˆâ–ˆâ–ˆâ–ˆâ–ˆ  | 207/256 [01:44<00:05,  8.95it/s, est. speed input: 4558.42 toks/s, output: 3409.69 toks/s]
[36m(VllmGenerationWorker pid=3633928)[0m Processed prompts:  82%|â–ˆâ–ˆâ–ˆâ–ˆâ–ˆâ–ˆâ–ˆâ–ˆâ– | 209/256 [01:44<00:07,  6.63it/s, est. speed input: 4579.63 toks/s, output: 3427.43 toks/s]
[36m(VllmGenerationWorker pid=3633928)[0m Processed prompts:  82%|â–ˆâ–ˆâ–ˆâ–ˆâ–ˆâ–ˆâ–ˆâ–ˆâ– | 210/256 [01:44<00:06,  6.61it/s, est. speed input: 4593.87 toks/s, output: 3440.51 toks/s]
[36m(VllmGenerationWorker pid=3633928)[0m Processed prompts:  83%|â–ˆâ–ˆâ–ˆâ–ˆâ–ˆâ–ˆâ–ˆâ–ˆâ–Ž | 213/256 [01:44<00:04,  8.75it/s, est. speed input: 4641.29 toks/s, output: 3491.94 toks/s]
[36m(VllmGenerationWorker pid=3633928)[0m Processed prompts:  84%|â–ˆâ–ˆâ–ˆâ–ˆâ–ˆâ–ˆâ–ˆâ–ˆâ– | 215/256 [01:44<00:03, 10.32it/s, est. speed input: 4672.93 toks/s, output: 3525.57 toks/s]
[36m(VllmGenerationWorker pid=3633928)[0m Processed prompts:  85%|â–ˆâ–ˆâ–ˆâ–ˆâ–ˆâ–ˆâ–ˆâ–ˆâ–Œ | 218/256 [01:45<00:03,  9.99it/s, est. speed input: 4716.19 toks/s, output: 3570.67 toks/s]
[36m(VllmGenerationWorker pid=3633928)[0m Processed prompts:  86%|â–ˆâ–ˆâ–ˆâ–ˆâ–ˆâ–ˆâ–ˆâ–ˆâ–Œ | 220/256 [01:45<00:03,  9.31it/s, est. speed input: 4741.26 toks/s, output: 3599.31 toks/s]
[36m(VllmGenerationWorker pid=3633928)[0m Processed prompts:  87%|â–ˆâ–ˆâ–ˆâ–ˆâ–ˆâ–ˆâ–ˆâ–ˆâ–‹ | 222/256 [01:45<00:04,  7.58it/s, est. speed input: 4762.18 toks/s, output: 3623.03 toks/s]
[36m(VllmGenerationWorker pid=3633928)[0m Processed prompts:  88%|â–ˆâ–ˆâ–ˆâ–ˆâ–ˆâ–ˆâ–ˆâ–ˆâ–Š | 224/256 [01:46<00:04,  7.22it/s, est. speed input: 4780.74 toks/s, output: 3649.91 toks/s]
[36m(VllmGenerationWorker pid=3633928)[0m Processed prompts:  88%|â–ˆâ–ˆâ–ˆâ–ˆâ–ˆâ–ˆâ–ˆâ–ˆâ–Š | 226/256 [01:46<00:04,  6.43it/s, est. speed input: 4798.14 toks/s, output: 3674.76 toks/s]
[36m(VllmGenerationWorker pid=3633928)[0m Processed prompts:  89%|â–ˆâ–ˆâ–ˆâ–ˆâ–ˆâ–ˆâ–ˆâ–ˆâ–‰ | 228/256 [01:46<00:03,  7.03it/s, est. speed input: 4824.95 toks/s, output: 3704.76 toks/s]
[36m(VllmGenerationWorker pid=3633928)[0m Processed prompts:  89%|â–ˆâ–ˆâ–ˆâ–ˆâ–ˆâ–ˆâ–ˆâ–ˆâ–‰ | 229/256 [01:47<00:06,  4.40it/s, est. speed input: 4815.60 toks/s, output: 3701.69 toks/s]
[36m(VllmGenerationWorker pid=3633928)[0m Processed prompts:  90%|â–ˆâ–ˆâ–ˆâ–ˆâ–ˆâ–ˆâ–ˆâ–ˆâ–‰ | 230/256 [01:47<00:05,  4.60it/s, est. speed input: 4825.83 toks/s, output: 3714.63 toks/s]
[36m(VllmGenerationWorker pid=3633928)[0m Processed prompts:  95%|â–ˆâ–ˆâ–ˆâ–ˆâ–ˆâ–ˆâ–ˆâ–ˆâ–ˆâ–| 242/256 [01:49<00:02,  6.11it/s, est. speed input: 4958.00 toks/s, output: 3871.08 toks/s]
[36m(VllmGenerationWorker pid=3633928)[0m Processed prompts:  95%|â–ˆâ–ˆâ–ˆâ–ˆâ–ˆâ–ˆâ–ˆâ–ˆâ–ˆâ–| 243/256 [01:50<00:02,  4.69it/s, est. speed input: 4947.77 toks/s, output: 3858.05 toks/s]
[36m(VllmGenerationWorker pid=3633928)[0m Processed prompts:  95%|â–ˆâ–ˆâ–ˆâ–ˆâ–ˆâ–ˆâ–ˆâ–ˆâ–ˆâ–Œ| 244/256 [01:50<00:02,  4.54it/s, est. speed input: 4956.81 toks/s, output: 3864.09 toks/s]
[36m(VllmGenerationWorker pid=3633928)[0m Processed prompts:  96%|â–ˆâ–ˆâ–ˆâ–ˆâ–ˆâ–ˆâ–ˆâ–ˆâ–ˆâ–Œ| 245/256 [01:50<00:02,  3.99it/s, est. speed input: 4956.37 toks/s, output: 3865.72 toks/s]
[36m(VllmGenerationWorker pid=3633928)[0m Processed prompts:  96%|â–ˆâ–ˆâ–ˆâ–ˆâ–ˆâ–ˆâ–ˆâ–ˆâ–ˆâ–Œ| 246/256 [01:52<00:04,  2.37it/s, est. speed input: 4918.52 toks/s, output: 3836.25 toks/s]
[36m(VllmGenerationWorker pid=3633928)[0m Processed prompts:  96%|â–ˆâ–ˆâ–ˆâ–ˆâ–ˆâ–ˆâ–ˆâ–ˆâ–ˆâ–‹| 247/256 [01:53<00:04,  2.07it/s, est. speed input: 4910.16 toks/s, output: 3821.96 toks/s]
[36m(VllmGenerationWorker pid=3633928)[0m Processed prompts:  97%|â–ˆâ–ˆâ–ˆâ–ˆâ–ˆâ–ˆâ–ˆâ–ˆâ–ˆâ–‹| 248/256 [01:53<00:03,  2.11it/s, est. speed input: 4915.48 toks/s, output: 3819.33 toks/s]
[36m(VllmGenerationWorker pid=3633928)[0m Processed prompts:  97%|â–ˆâ–ˆâ–ˆâ–ˆâ–ˆâ–ˆâ–ˆâ–ˆâ–ˆâ–‹| 249/256 [01:53<00:03,  2.05it/s, est. speed input: 4910.34 toks/s, output: 3819.39 toks/s]
[36m(VllmGenerationWorker pid=3633928)[0m Processed prompts:  98%|â–ˆâ–ˆâ–ˆâ–ˆâ–ˆâ–ˆâ–ˆâ–ˆâ–ˆâ–Š| 250/256 [01:54<00:02,  2.27it/s, est. speed input: 4917.92 toks/s, output: 3824.67 toks/s]
[36m(VllmGenerationWorker pid=3633928)[0m Processed prompts:  98%|â–ˆâ–ˆâ–ˆâ–ˆâ–ˆâ–ˆâ–ˆâ–ˆâ–ˆâ–Š| 251/256 [01:54<00:02,  2.50it/s, est. speed input: 4927.05 toks/s, output: 3829.57 toks/s]
[36m(VllmGenerationWorker pid=3633928)[0m Processed prompts:  98%|â–ˆâ–ˆâ–ˆâ–ˆâ–ˆâ–ˆâ–ˆâ–ˆâ–ˆâ–Š| 252/256 [01:54<00:01,  2.81it/s, est. speed input: 4939.28 toks/s, output: 3835.00 toks/s]
[36m(VllmGenerationWorker pid=3633928)[0m Processed prompts:  99%|â–ˆâ–ˆâ–ˆâ–ˆâ–ˆâ–ˆâ–ˆâ–ˆâ–ˆâ–‰| 253/256 [01:55<00:00,  3.05it/s, est. speed input: 4949.69 toks/s, output: 3840.64 toks/s]
[36m(VllmGenerationWorker pid=3633928)[0m Processed prompts:  99%|â–ˆâ–ˆâ–ˆâ–ˆâ–ˆâ–ˆâ–ˆâ–ˆâ–ˆâ–‰| 254/256 [01:56<00:01,  1.98it/s, est. speed input: 4924.24 toks/s, output: 3827.05 toks/s]
[36m(VllmGenerationWorker pid=3633928)[0m Processed prompts: 100%|â–ˆâ–ˆâ–ˆâ–ˆâ–ˆâ–ˆâ–ˆâ–ˆâ–ˆâ–‰| 255/256 [01:56<00:00,  1.59it/s, est. speed input: 4903.04 toks/s, output: 3813.29 toks/s]
 50%|â–ˆâ–ˆâ–ˆâ–ˆâ–ˆ     | 1/2 [01:58<01:58, 118.64s/it][36m(VllmGenerationWorker pid=3633928)[0m Processed prompts: 100%|â–ˆâ–ˆâ–ˆâ–ˆâ–ˆâ–ˆâ–ˆâ–ˆâ–ˆâ–ˆ| 256/256 [01:57<00:00,  2.02it/s, est. speed input: 4911.58 toks/s, output: 3825.21 toks/s]Processed prompts: 100%|â–ˆâ–ˆâ–ˆâ–ˆâ–ˆâ–ˆâ–ˆâ–ˆâ–ˆâ–ˆ| 256/256 [01:57<00:00,  2.19it/s, est. speed input: 4911.58 toks/s, output: 3825.21 toks/s]
[36m(VllmGenerationWorker pid=3633928)[0m Processed prompts:   0%|          | 0/94 [00:00<?, ?it/s, est. speed input: 0.00 toks/s, output: 0.00 toks/s]
[36m(VllmGenerationWorker pid=3633928)[0m Processed prompts:   1%|          | 1/94 [00:21<33:24, 21.55s/it, est. speed input: 142.97 toks/s, output: 47.10 toks/s]
[36m(VllmGenerationWorker pid=3633928)[0m Processed prompts:   2%|â–         | 2/94 [00:25<17:33, 11.45s/it, est. speed input: 229.23 toks/s, output: 86.64 toks/s]
[36m(VllmGenerationWorker pid=3633928)[0m Processed prompts:   3%|â–Ž         | 3/94 [00:26<09:45,  6.43s/it, est. speed input: 332.97 toks/s, output: 132.72 toks/s]
[36m(VllmGenerationWorker pid=3633928)[0m Processed prompts:   5%|â–Œ         | 5/94 [00:28<04:53,  3.30s/it, est. speed input: 510.10 toks/s, output: 216.13 toks/s]
[36m(VllmGenerationWorker pid=3633928)[0m Processed prompts:   6%|â–‹         | 6/94 [00:30<04:23,  2.99s/it, est. speed input: 559.84 toks/s, output: 247.92 toks/s]
[36m(VllmGenerationWorker pid=3633928)[0m Processed prompts:   7%|â–‹         | 7/94 [00:30<03:17,  2.27s/it, est. speed input: 635.20 toks/s, output: 291.40 toks/s]
[36m(VllmGenerationWorker pid=3633928)[0m Processed prompts:  10%|â–‰         | 9/94 [00:31<01:53,  1.34s/it, est. speed input: 792.65 toks/s, output: 382.22 toks/s]
[36m(VllmGenerationWorker pid=3633928)[0m Processed prompts:  11%|â–ˆ         | 10/94 [00:31<01:28,  1.05s/it, est. speed input: 870.72 toks/s, output: 427.88 toks/s]
[36m(VllmGenerationWorker pid=3633928)[0m Processed prompts:  12%|â–ˆâ–        | 11/94 [00:31<01:09,  1.19it/s, est. speed input: 945.10 toks/s, output: 472.28 toks/s]
[36m(VllmGenerationWorker pid=3633928)[0m Processed prompts:  13%|â–ˆâ–Ž        | 12/94 [00:32<01:10,  1.17it/s, est. speed input: 996.94 toks/s, output: 507.24 toks/s]
[36m(VllmGenerationWorker pid=3633928)[0m Processed prompts:  14%|â–ˆâ–        | 13/94 [00:33<01:05,  1.23it/s, est. speed input: 1050.68 toks/s, output: 544.37 toks/s]
[36m(VllmGenerationWorker pid=3633928)[0m Processed prompts:  15%|â–ˆâ–        | 14/94 [00:33<00:55,  1.44it/s, est. speed input: 1111.55 toks/s, output: 585.76 toks/s]
[36m(VllmGenerationWorker pid=3633928)[0m Processed prompts:  16%|â–ˆâ–Œ        | 15/94 [00:33<00:41,  1.91it/s, est. speed input: 1181.39 toks/s, output: 631.77 toks/s]
[36m(VllmGenerationWorker pid=3633928)[0m Processed prompts:  18%|â–ˆâ–Š        | 17/94 [00:34<00:29,  2.57it/s, est. speed input: 1309.18 toks/s, output: 718.64 toks/s]
[36m(VllmGenerationWorker pid=3633928)[0m Processed prompts:  20%|â–ˆâ–ˆ        | 19/94 [00:34<00:19,  3.80it/s, est. speed input: 1446.09 toks/s, output: 811.31 toks/s]
[36m(VllmGenerationWorker pid=3633928)[0m Processed prompts:  21%|â–ˆâ–ˆâ–       | 20/94 [00:34<00:18,  3.97it/s, est. speed input: 1507.35 toks/s, output: 854.32 toks/s]
[36m(VllmGenerationWorker pid=3633928)[0m Processed prompts:  22%|â–ˆâ–ˆâ–       | 21/94 [00:34<00:17,  4.21it/s, est. speed input: 1568.59 toks/s, output: 897.57 toks/s]
[36m(VllmGenerationWorker pid=3633928)[0m Processed prompts:  26%|â–ˆâ–ˆâ–Œ       | 24/94 [00:35<00:10,  6.70it/s, est. speed input: 1767.07 toks/s, output: 1036.24 toks/s]
[36m(VllmGenerationWorker pid=3633928)[0m Processed prompts:  30%|â–ˆâ–ˆâ–‰       | 28/94 [00:35<00:06,  9.91it/s, est. speed input: 2030.20 toks/s, output: 1221.56 toks/s]
[36m(VllmGenerationWorker pid=3633928)[0m Processed prompts:  32%|â–ˆâ–ˆâ–ˆâ–      | 30/94 [00:35<00:09,  6.52it/s, est. speed input: 2128.49 toks/s, output: 1296.63 toks/s]
[36m(VllmGenerationWorker pid=3633928)[0m Processed prompts:  33%|â–ˆâ–ˆâ–ˆâ–Ž      | 31/94 [00:36<00:13,  4.58it/s, est. speed input: 2159.34 toks/s, output: 1324.62 toks/s]
[36m(VllmGenerationWorker pid=3633928)[0m Processed prompts:  34%|â–ˆâ–ˆâ–ˆâ–      | 32/94 [00:36<00:13,  4.76it/s, est. speed input: 2212.84 toks/s, output: 1366.59 toks/s]
[36m(VllmGenerationWorker pid=3633928)[0m Processed prompts:  36%|â–ˆâ–ˆâ–ˆâ–Œ      | 34/94 [00:36<00:11,  5.17it/s, est. speed input: 2318.81 toks/s, output: 1451.06 toks/s]
[36m(VllmGenerationWorker pid=3633928)[0m Processed prompts:  37%|â–ˆâ–ˆâ–ˆâ–‹      | 35/94 [00:37<00:13,  4.25it/s, est. speed input: 2354.78 toks/s, output: 1483.90 toks/s]
[36m(VllmGenerationWorker pid=3633928)[0m Processed prompts:  38%|â–ˆâ–ˆâ–ˆâ–Š      | 36/94 [00:37<00:14,  4.01it/s, est. speed input: 2396.18 toks/s, output: 1520.75 toks/s]
[36m(VllmGenerationWorker pid=3633928)[0m Processed prompts:  39%|â–ˆâ–ˆâ–ˆâ–‰      | 37/94 [00:38<00:21,  2.61it/s, est. speed input: 2403.24 toks/s, output: 1537.55 toks/s]
[36m(VllmGenerationWorker pid=3633928)[0m Processed prompts:  40%|â–ˆâ–ˆâ–ˆâ–ˆ      | 38/94 [00:38<00:21,  2.56it/s, est. speed input: 2434.00 toks/s, output: 1570.22 toks/s]
[36m(VllmGenerationWorker pid=3633928)[0m Processed prompts:  41%|â–ˆâ–ˆâ–ˆâ–ˆâ–     | 39/94 [00:39<00:20,  2.70it/s, est. speed input: 2470.01 toks/s, output: 1606.75 toks/s]
[36m(VllmGenerationWorker pid=3633928)[0m Processed prompts:  44%|â–ˆâ–ˆâ–ˆâ–ˆâ–Ž     | 41/94 [00:39<00:18,  2.87it/s, est. speed input: 2538.28 toks/s, output: 1678.69 toks/s]
[36m(VllmGenerationWorker pid=3633928)[0m Processed prompts:  45%|â–ˆâ–ˆâ–ˆâ–ˆâ–     | 42/94 [00:39<00:15,  3.32it/s, est. speed input: 2582.01 toks/s, output: 1721.81 toks/s]
[36m(VllmGenerationWorker pid=3633928)[0m Processed prompts:  46%|â–ˆâ–ˆâ–ˆâ–ˆâ–Œ     | 43/94 [00:40<00:22,  2.28it/s, est. speed input: 2579.36 toks/s, output: 1735.57 toks/s]
[36m(VllmGenerationWorker pid=3633928)[0m Processed prompts:  47%|â–ˆâ–ˆâ–ˆâ–ˆâ–‹     | 44/94 [00:41<00:20,  2.40it/s, est. speed input: 2603.37 toks/s, output: 1770.23 toks/s]
100%|â–ˆâ–ˆâ–ˆâ–ˆâ–ˆâ–ˆâ–ˆâ–ˆâ–ˆâ–ˆ| 2/2 [02:40<00:00, 73.44s/it] 100%|â–ˆâ–ˆâ–ˆâ–ˆâ–ˆâ–ˆâ–ˆâ–ˆâ–ˆâ–ˆ| 2/2 [02:40<00:00, 80.22s/it]
[36m(VllmGenerationWorker pid=3633928)[0m Processed prompts:  88%|â–ˆâ–ˆâ–ˆâ–ˆâ–ˆâ–ˆâ–ˆâ–ˆâ–Š | 83/94 [00:41<00:00, 34.39it/s, est. speed input: 4062.48 toks/s, output: 3700.33 toks/s]Processed prompts: 100%|â–ˆâ–ˆâ–ˆâ–ˆâ–ˆâ–ˆâ–ˆâ–ˆâ–ˆâ–ˆ| 94/94 [00:41<00:00,  2.28it/s, est. speed input: 4448.52 toks/s, output: 4245.99 toks/s]
